<?xml version="1.0" encoding="UTF-8"?>
<testsuite name="jp.ac.uryukyu.ie.e195710.Board_oseroTest" tests="1" skipped="0" failures="0" errors="0" timestamp="2020-01-20T09:46:24" hostname="miyagikyoudainoMacBook-Air.local" time="0.059">
  <properties/>
  <testcase name="Board_oseroTest()" classname="jp.ac.uryukyu.ie.e195710.Board_oseroTest" time="0.059"/>
  <system-out><![CDATA[]]></system-out>
  <system-err><![CDATA[]]></system-err>
</testsuite>
